<?xml version="1.0" encoding="UTF-8"?>
<!-- Generated by org.testng.reporters.JUnitXMLReporter -->
<testsuite hostname="DESKTOP-V87AIUO" ignored="2" name="Default test(failed)" tests="1" failures="0" timestamp="2023-01-04T06:21:41 PST" time="0.114" errors="0">
  <testcase name="method3" time="0.018" classname="com.qa.testng.Test30"/>
  <testcase name="method2" time="0.0" classname="com.qa.testng.Test30">
    <ignored/>
  </testcase> <!-- method2 -->
  <testcase name="method1" time="0.0" classname="com.qa.testng.Test30">
    <ignored/>
  </testcase> <!-- method1 -->
</testsuite> <!-- Default test(failed) -->
