<?xml version="1.0" encoding="UTF-8"?>
<!-- Generated by org.testng.reporters.JUnitXMLReporter -->
<testsuite hostname="DESKTOP-V87AIUO" ignored="0" name="Default test" tests="3" failures="0" timestamp="2023-01-05T06:36:00 PST" time="114.906" errors="0">
  <testcase name="method1" time="10.771" classname="com.qa.testng.Test31"/>
  <testcase name="method2" time="59.617" classname="com.qa.testng.Test31"/>
  <testcase name="method3" time="24.857" classname="com.qa.testng.Test31"/>
</testsuite> <!-- Default test -->
