<?xml version="1.0" encoding="UTF-8"?>
<!-- Generated by org.testng.reporters.JUnitXMLReporter -->
<testsuite hostname="DESKTOP-V87AIUO" ignored="0" name="Test1" tests="6" failures="0" timestamp="2023-01-03T06:56:52 PST" time="0.12" errors="0">
  <testcase name="method1" time="0.015" classname="com.qa.testng.Test8"/>
  <testcase name="method2" time="0.002" classname="com.qa.testng.Test8"/>
  <testcase name="method3" time="0.003" classname="com.qa.testng.Test8"/>
  <testcase name="method1" time="0.003" classname="com.qa.testng.Test9"/>
  <testcase name="base" time="0.003" classname="com.qa.testng.Test9"/>
  <testcase name="app" time="0.003" classname="com.qa.testng.Test9"/>
</testsuite> <!-- Test1 -->
