<?xml version="1.0" encoding="UTF-8"?>
<!-- Generated by org.testng.reporters.JUnitXMLReporter -->
<testsuite hostname="DESKTOP-V87AIUO" ignored="0" name="Test2" tests="3" failures="0" timestamp="2023-01-03T06:19:47 PST" time="0.016" errors="0">
  <testcase name="method1" time="0.001" classname="com.qa.testng.Parameters_Test20"/>
  <testcase name="method2" time="0.002" classname="com.qa.testng.Parameters_Test20"/>
  <testcase name="method3" time="0.002" classname="com.qa.testng.Parameters_Test20"/>
</testsuite> <!-- Test2 -->
