<?xml version="1.0" encoding="UTF-8"?>
<!-- Generated by org.testng.reporters.JUnitXMLReporter -->
<testsuite hostname="DESKTOP-V87AIUO" ignored="0" name="Test" tests="3" failures="1" timestamp="2023-01-02T06:22:38 PST" time="0.123" errors="0">
  <testcase name="method1" time="0.025" classname="com.qa.testng.Test17">
    <failure type="org.testng.internal.reflect.MethodMatcherException" message="
[public void com.qa.testng.Test17.method1(int,int)] has no parameters defined but was found to be using a data provider (either explicitly specified or inherited from class level annotation).
Data provider mismatch
Method: method1([Parameter{index=0, type=int, declaredAnnotations=[]}, Parameter{index=1, type=int, declaredAnnotations=[]}])
Arguments: [(java.lang.String) Ratan,(java.lang.String) Tata]">
      <![CDATA[org.testng.internal.reflect.MethodMatcherException: 
[public void com.qa.testng.Test17.method1(int,int)] has no parameters defined but was found to be using a data provider (either explicitly specified or inherited from class level annotation).
Data provider mismatch
Method: method1([Parameter{index=0, type=int, declaredAnnotations=[]}, Parameter{index=1, type=int, declaredAnnotations=[]}])
Arguments: [(java.lang.String) Ratan,(java.lang.String) Tata]
at java.util.ArrayList.forEach(Unknown Source)
... Removed 22 stack frames]]>
    </failure>
  </testcase> <!-- method1 -->
  <testcase name="method2" time="0.012" classname="com.qa.testng.Test17"/>
  <testcase name="method2" time="0.008" classname="com.qa.testng.Test17"/>
</testsuite> <!-- Test -->
